<?xml version="1.0" encoding="UTF-8"?>
<!-- Generated by org.testng.reporters.JUnitReportReporter -->
<testsuite hostname="Vayuputhra" name="Grp1.testCases.CompleteSingleTransaction" tests="1" failures="0" timestamp="7 Dec 2016 02:03:15 GMT" time="246.050" errors="0">
  <testcase name="testSteps" time="246.050" classname="Grp1.testCases.CompleteSingleTransaction"/>
</testsuite> <!-- Grp1.testCases.CompleteSingleTransaction -->
