<?xml version="1.0" encoding="UTF-8"?>
<!-- Generated by org.testng.reporters.JUnitReportReporter -->
<testsuite hostname="Vayuputhra" name="Grp1.testCases.LoginTestCase" tests="1" failures="0" timestamp="19 Nov 2016 04:50:31 GMT" time="13.237" errors="0">
  <testcase name="testSteps" time="13.237" classname="Grp1.testCases.LoginTestCase"/>
</testsuite> <!-- Grp1.testCases.LoginTestCase -->
