<?xml version="1.0" encoding="UTF-8"?>
<!-- Generated by org.testng.reporters.JUnitReportReporter -->
<testsuite hostname="Vayuputhra" name="Grp1.testCases.LoginTestGrid" tests="6" failures="0" timestamp="6 Dec 2016 03:06:54 GMT" time="90.759" errors="0">
  <testcase name="testSteps" time="15.039" classname="Grp1.testCases.LoginTestGrid"/>
  <testcase name="testSteps" time="15.031" classname="Grp1.testCases.LoginTestGrid"/>
  <testcase name="testSteps" time="16.649" classname="Grp1.testCases.LoginTestGrid"/>
  <testcase name="testSteps" time="14.852" classname="Grp1.testCases.LoginTestGrid"/>
  <testcase name="testSteps" time="14.832" classname="Grp1.testCases.LoginTestGrid"/>
  <testcase name="testSteps" time="14.356" classname="Grp1.testCases.LoginTestGrid"/>
</testsuite> <!-- Grp1.testCases.LoginTestGrid -->
