<?xml version="1.0" encoding="UTF-8"?>
<!-- Generated by org.testng.reporters.JUnitReportReporter -->
<testsuite hostname="Vayuputhra" name="Grp1.testCases.LoginTestCase" tests="1" failures="0" timestamp="4 Dec 2016 18:27:28 GMT" time="2.355" errors="0">
  <testcase name="testSteps" time="2.355" classname="Grp1.testCases.LoginTestCase"/>
</testsuite> <!-- Grp1.testCases.LoginTestCase -->
