<?xml version="1.0" encoding="UTF-8"?>
<!-- Generated by org.testng.reporters.JUnitReportReporter -->
<testsuite hostname="Vayuputhra" name="Grp1.testCases.LoginTestCase" tests="1" failures="0" timestamp="17 Nov 2016 04:43:10 GMT" time="1.848" errors="0">
  <testcase name="testSteps" time="1.848" classname="Grp1.testCases.LoginTestCase"/>
</testsuite> <!-- Grp1.testCases.LoginTestCase -->
