<?xml version="1.0" encoding="UTF-8"?>
<!-- Generated by org.testng.reporters.JUnitReportReporter -->
<testsuite hostname="Vayuputhra" name="Grp1.testCases.LoginTestCase" tests="1" failures="0" timestamp="18 Nov 2016 01:24:05 GMT" time="11.548" errors="0">
  <testcase name="testSteps" time="11.548" classname="Grp1.testCases.LoginTestCase"/>
</testsuite> <!-- Grp1.testCases.LoginTestCase -->
